2021-01-20T07:06:06+00:00 CRITICAL Uncaught Error: Call to a member function is_in_stock() on null in /opt/lampp/htdocs/wordpress-woocommerce/wp-content/plugins/woo_products_erudition/public/class-woo_products_erudition-public.php:117
Stack trace:
#0 /opt/lampp/htdocs/wordpress-woocommerce/wp-includes/class-wp-hook.php(287): Woo_products_erudition_Public->woocommerce_template_loop_rating('')
#1 /opt/lampp/htdocs/wordpress-woocommerce/wp-includes/class-wp-hook.php(311): WP_Hook->apply_filters('', Array)
#2 /opt/lampp/htdocs/wordpress-woocommerce/wp-includes/plugin.php(484): WP_Hook->do_action(Array)
#3 /opt/lampp/htdocs/wordpress-woocommerce/wp-content/plugins/woocommerce/templates/content-product.php(57): do_action('woocommerce_aft...')
#4 /opt/lampp/htdocs/wordpress-woocommerce/wp-includes/template.php(732): require('/opt/lampp/htdo...')
#5 /opt/lampp/htdocs/wordpress-woocommerce/wp-content/plugins/woocommerce/includes/wc-core-functions.php(284): load_template('/opt/lampp/htdo...', false)
#6 /opt/lampp/htdocs/wordpress-woocommerce/wp-content/ in /opt/lampp/htdocs/wordpress-woocommerce/wp-content/plugins/woo_products_erudition/public/class-woo_products_erudition-public.php on line 117

2021-01-20T07:06:09+00:00 CRITICAL Uncaught Error: Call to a member function is_in_stock() on null in /opt/lampp/htdocs/wordpress-woocommerce/wp-content/plugins/woo_products_erudition/public/class-woo_products_erudition-public.php:117
Stack trace:
#0 /opt/lampp/htdocs/wordpress-woocommerce/wp-includes/class-wp-hook.php(287): Woo_products_erudition_Public->woocommerce_template_loop_rating('')
#1 /opt/lampp/htdocs/wordpress-woocommerce/wp-includes/class-wp-hook.php(311): WP_Hook->apply_filters('', Array)
#2 /opt/lampp/htdocs/wordpress-woocommerce/wp-includes/plugin.php(484): WP_Hook->do_action(Array)
#3 /opt/lampp/htdocs/wordpress-woocommerce/wp-content/plugins/woocommerce/templates/content-product.php(57): do_action('woocommerce_aft...')
#4 /opt/lampp/htdocs/wordpress-woocommerce/wp-includes/template.php(732): require('/opt/lampp/htdo...')
#5 /opt/lampp/htdocs/wordpress-woocommerce/wp-content/plugins/woocommerce/includes/wc-core-functions.php(284): load_template('/opt/lampp/htdo...', false)
#6 /opt/lampp/htdocs/wordpress-woocommerce/wp-content/ in /opt/lampp/htdocs/wordpress-woocommerce/wp-content/plugins/woo_products_erudition/public/class-woo_products_erudition-public.php on line 117

2021-01-20T07:06:11+00:00 CRITICAL Uncaught Error: Call to a member function is_in_stock() on null in /opt/lampp/htdocs/wordpress-woocommerce/wp-content/plugins/woo_products_erudition/public/class-woo_products_erudition-public.php:117
Stack trace:
#0 /opt/lampp/htdocs/wordpress-woocommerce/wp-includes/class-wp-hook.php(287): Woo_products_erudition_Public->woocommerce_template_loop_rating('')
#1 /opt/lampp/htdocs/wordpress-woocommerce/wp-includes/class-wp-hook.php(311): WP_Hook->apply_filters('', Array)
#2 /opt/lampp/htdocs/wordpress-woocommerce/wp-includes/plugin.php(484): WP_Hook->do_action(Array)
#3 /opt/lampp/htdocs/wordpress-woocommerce/wp-content/plugins/woocommerce/templates/content-product.php(57): do_action('woocommerce_aft...')
#4 /opt/lampp/htdocs/wordpress-woocommerce/wp-includes/template.php(732): require('/opt/lampp/htdo...')
#5 /opt/lampp/htdocs/wordpress-woocommerce/wp-content/plugins/woocommerce/includes/wc-core-functions.php(284): load_template('/opt/lampp/htdo...', false)
#6 /opt/lampp/htdocs/wordpress-woocommerce/wp-content/ in /opt/lampp/htdocs/wordpress-woocommerce/wp-content/plugins/woo_products_erudition/public/class-woo_products_erudition-public.php on line 117

2021-01-20T10:27:20+00:00 CRITICAL Uncaught Error: Call to undefined function myplugin_plugin_path() in /opt/lampp/htdocs/wordpress-woocommerce/wp-content/plugins/woo_products_erudition/public/class-woo_products_erudition-public.php:157
Stack trace:
#0 /opt/lampp/htdocs/wordpress-woocommerce/wp-includes/class-wp-hook.php(287): Woo_products_erudition_Public->myplugin_woocommerce_locate_template('/opt/lampp/htdo...', 'product-searchf...', 'woocommerce/')
#1 /opt/lampp/htdocs/wordpress-woocommerce/wp-includes/plugin.php(212): WP_Hook->apply_filters('/opt/lampp/htdo...', Array)
#2 /opt/lampp/htdocs/wordpress-woocommerce/wp-content/plugins/woocommerce/includes/wc-core-functions.php(420): apply_filters('woocommerce_loc...', '/opt/lampp/htdo...', 'product-searchf...', 'woocommerce/')
#3 /opt/lampp/htdocs/wordpress-woocommerce/wp-content/plugins/woocommerce/includes/wc-core-functions.php(301): wc_locate_template('product-searchf...', 'woocommerce/', '/opt/lampp/htdo...')
#4 /opt/lampp/htdocs/wordpress-woocommerce/wp-content/plugins/woocommerce/include in /opt/lampp/htdocs/wordpress-woocommerce/wp-content/plugins/woo_products_erudition/public/class-woo_products_erudition-public.php on line 157

